benchmark/build/intermediates/manifest_merge_blame_file/benchmark/processBenchmarkManifest/manifest-merger-blame-benchmark-report.txt
1<?xml version="1.0" encoding="utf-8"?>
2<!--
3    Designed and developed by 2022 skydoves (Jaewoong Eum)
4
5    Licensed under the Apache License, Version 2.0 (the "License");
6    you may not use this file except in compliance with the License.
7    You may obtain a copy of the License at
8
9      http://www.apache.org/licenses/LICENSE-2.0
10
11    Unless required by applicable law or agreed to in writing, software
12    distributed under the License is distributed on an "AS IS" BASIS,
13    WITHOUT WARRANTIES OR CONDITIONS OF ANY KIND, either express or implied.
14    See the License for the specific language governing permissions and
15    limitations under the License.
16-->
17<manifest xmlns:android="http://schemas.android.com/apk/res/android"
18    package="com.skydoves.pokedex.benchmark" >
19
20    <uses-sdk
20-->manifest/benchmark/tempFile2ProcessTestManifest11281711927906094055.xml:20:5-22:41
21        android:minSdkVersion="23"
21-->manifest/benchmark/tempFile2ProcessTestManifest11281711927906094055.xml:21:9-35
22        android:targetSdkVersion="35" />
22-->manifest/benchmark/tempFile2ProcessTestManifest11281711927906094055.xml:22:9-38
23
24    <queries>
24-->manifest/benchmark/tempFile2ProcessTestManifest11281711927906094055.xml:24:5-26:15
25        <package android:name="com.skydoves.pokedex" />
25-->manifest/benchmark/tempFile2ProcessTestManifest11281711927906094055.xml:25:9-56
25-->manifest/benchmark/tempFile2ProcessTestManifest11281711927906094055.xml:25:18-53
26        <package android:name="androidx.test.orchestrator" />
26-->[androidx.test:runner:1.5.2] AndroidManifest.xml:25:9-62
26-->[androidx.test:runner:1.5.2] AndroidManifest.xml:25:18-59
27        <package android:name="androidx.test.services" />
27-->[androidx.test:runner:1.5.2] AndroidManifest.xml:26:9-58
27-->[androidx.test:runner:1.5.2] AndroidManifest.xml:26:18-55
28        <package android:name="com.google.android.apps.common.testing.services" />
28-->[androidx.test:runner:1.5.2] AndroidManifest.xml:27:9-83
28-->[androidx.test:runner:1.5.2] AndroidManifest.xml:27:18-80
29    </queries>
30
31    <instrumentation
31-->manifest/benchmark/tempFile2ProcessTestManifest11281711927906094055.xml:28:5-33:66
32        android:name="androidx.test.runner.AndroidJUnitRunner"
32-->manifest/benchmark/tempFile2ProcessTestManifest11281711927906094055.xml:29:9-63
33        android:functionalTest="false"
33-->manifest/benchmark/tempFile2ProcessTestManifest11281711927906094055.xml:30:9-39
34        android:handleProfiling="false"
34-->manifest/benchmark/tempFile2ProcessTestManifest11281711927906094055.xml:31:9-40
35        android:label="Tests for com.skydoves.pokedex.benchmark"
35-->manifest/benchmark/tempFile2ProcessTestManifest11281711927906094055.xml:32:9-65
36        android:targetPackage="com.skydoves.pokedex.benchmark" />
36-->manifest/benchmark/tempFile2ProcessTestManifest11281711927906094055.xml:33:9-63
37
38    <uses-permission android:name="android.permission.QUERY_ALL_PACKAGES" />
38-->[androidx.benchmark:benchmark-macro:1.3.3] AndroidManifest.xml:23:5-25:53
38-->[androidx.benchmark:benchmark-macro:1.3.3] AndroidManifest.xml:24:9-61
39    <!--
40         Internet permission is required for perfetto trace shell processor http server but
41        it's used to reach localhost only
42    -->
43    <uses-permission android:name="android.permission.INTERNET" />
43-->[androidx.benchmark:benchmark-macro:1.3.3] AndroidManifest.xml:31:5-67
43-->[androidx.benchmark:benchmark-macro:1.3.3] AndroidManifest.xml:31:22-64
44    <!--
45    This is needed to write benchmark report data to an external directory during instrumented
46    tests to allow the accompanying androidx.benchmark gradle plugin to pull the reports onto host
47     machine after the tests are done running.
48    -->
49    <uses-permission android:name="android.permission.WRITE_EXTERNAL_STORAGE" />
49-->[androidx.benchmark:benchmark-common:1.3.3] AndroidManifest.xml:27:5-81
49-->[androidx.benchmark:benchmark-common:1.3.3] AndroidManifest.xml:27:22-78
50    <uses-permission android:name="android.permission.READ_EXTERNAL_STORAGE" />
51
52    <permission
52-->[androidx.core:core:1.9.0] AndroidManifest.xml:22:5-24:47
53        android:name="com.skydoves.pokedex.benchmark.DYNAMIC_RECEIVER_NOT_EXPORTED_PERMISSION"
53-->[androidx.core:core:1.9.0] AndroidManifest.xml:23:9-81
54        android:protectionLevel="signature" />
54-->[androidx.core:core:1.9.0] AndroidManifest.xml:24:9-44
55
56    <uses-permission android:name="com.skydoves.pokedex.benchmark.DYNAMIC_RECEIVER_NOT_EXPORTED_PERMISSION" />
56-->[androidx.core:core:1.9.0] AndroidManifest.xml:26:5-97
56-->[androidx.core:core:1.9.0] AndroidManifest.xml:26:22-94
57    <uses-permission android:name="android.permission.REORDER_TASKS" />
57-->[androidx.test:core:1.6.1] AndroidManifest.xml:24:5-72
57-->[androidx.test:core:1.6.1] AndroidManifest.xml:24:22-69
58
59    <application
59-->manifest/benchmark/tempFile2ProcessTestManifest11281711927906094055.xml:35:5-37:19
60        android:appComponentFactory="androidx.core.app.CoreComponentFactory"
60-->[androidx.core:core:1.9.0] AndroidManifest.xml:28:18-86
61        android:debuggable="true"
62        android:extractNativeLibs="false"
63        android:networkSecurityConfig="@xml/network_security_config" >
63-->[androidx.benchmark:benchmark-macro:1.3.3] AndroidManifest.xml:42:18-78
64        <uses-library android:name="android.test.runner" />
64-->manifest/benchmark/tempFile2ProcessTestManifest11281711927906094055.xml:36:9-60
64-->manifest/benchmark/tempFile2ProcessTestManifest11281711927906094055.xml:36:23-57
65        <!-- Activity used to block background content while benchmarks are running -->
66        <activity
66-->[androidx.benchmark:benchmark-common:1.3.3] AndroidManifest.xml:32:9-36:20
67            android:name="androidx.benchmark.IsolationActivity"
67-->[androidx.benchmark:benchmark-common:1.3.3] AndroidManifest.xml:33:13-64
68            android:exported="true"
68-->[androidx.benchmark:benchmark-common:1.3.3] AndroidManifest.xml:34:13-36
69            android:theme="@android:style/Theme.Light.NoTitleBar.Fullscreen" >
69-->[androidx.benchmark:benchmark-common:1.3.3] AndroidManifest.xml:35:13-77
70        </activity>
71
72        <provider
72-->[androidx.profileinstaller:profileinstaller:1.4.1] AndroidManifest.xml:24:9-32:20
73            android:name="androidx.startup.InitializationProvider"
73-->[androidx.profileinstaller:profileinstaller:1.4.1] AndroidManifest.xml:25:13-67
74            android:authorities="com.skydoves.pokedex.benchmark.androidx-startup"
74-->[androidx.profileinstaller:profileinstaller:1.4.1] AndroidManifest.xml:26:13-68
75            android:exported="false" >
75-->[androidx.profileinstaller:profileinstaller:1.4.1] AndroidManifest.xml:27:13-37
76            <meta-data
76-->[androidx.profileinstaller:profileinstaller:1.4.1] AndroidManifest.xml:29:13-31:52
77                android:name="androidx.profileinstaller.ProfileInstallerInitializer"
77-->[androidx.profileinstaller:profileinstaller:1.4.1] AndroidManifest.xml:30:17-85
78                android:value="androidx.startup" />
78-->[androidx.profileinstaller:profileinstaller:1.4.1] AndroidManifest.xml:31:17-49
79            <meta-data
79-->[androidx.tracing:tracing-perfetto:1.0.0] AndroidManifest.xml:44:13-46:52
80                android:name="androidx.tracing.perfetto.StartupTracingInitializer"
80-->[androidx.tracing:tracing-perfetto:1.0.0] AndroidManifest.xml:45:17-83
81                android:value="androidx.startup" />
81-->[androidx.tracing:tracing-perfetto:1.0.0] AndroidManifest.xml:46:17-49
82        </provider>
83
84        <receiver
84-->[androidx.profileinstaller:profileinstaller:1.4.1] AndroidManifest.xml:34:9-52:20
85            android:name="androidx.profileinstaller.ProfileInstallReceiver"
85-->[androidx.profileinstaller:profileinstaller:1.4.1] AndroidManifest.xml:35:13-76
86            android:directBootAware="false"
86-->[androidx.profileinstaller:profileinstaller:1.4.1] AndroidManifest.xml:36:13-44
87            android:enabled="true"
87-->[androidx.profileinstaller:profileinstaller:1.4.1] AndroidManifest.xml:37:13-35
88            android:exported="true"
88-->[androidx.profileinstaller:profileinstaller:1.4.1] AndroidManifest.xml:38:13-36
89            android:permission="android.permission.DUMP" >
89-->[androidx.profileinstaller:profileinstaller:1.4.1] AndroidManifest.xml:39:13-57
90            <intent-filter>
90-->[androidx.profileinstaller:profileinstaller:1.4.1] AndroidManifest.xml:40:13-42:29
91                <action android:name="androidx.profileinstaller.action.INSTALL_PROFILE" />
91-->[androidx.profileinstaller:profileinstaller:1.4.1] AndroidManifest.xml:41:17-91
91-->[androidx.profileinstaller:profileinstaller:1.4.1] AndroidManifest.xml:41:25-88
92            </intent-filter>
93            <intent-filter>
93-->[androidx.profileinstaller:profileinstaller:1.4.1] AndroidManifest.xml:43:13-45:29
94                <action android:name="androidx.profileinstaller.action.SKIP_FILE" />
94-->[androidx.profileinstaller:profileinstaller:1.4.1] AndroidManifest.xml:44:17-85
94-->[androidx.profileinstaller:profileinstaller:1.4.1] AndroidManifest.xml:44:25-82
95            </intent-filter>
96            <intent-filter>
96-->[androidx.profileinstaller:profileinstaller:1.4.1] AndroidManifest.xml:46:13-48:29
97                <action android:name="androidx.profileinstaller.action.SAVE_PROFILE" />
97-->[androidx.profileinstaller:profileinstaller:1.4.1] AndroidManifest.xml:47:17-88
97-->[androidx.profileinstaller:profileinstaller:1.4.1] AndroidManifest.xml:47:25-85
98            </intent-filter>
99            <intent-filter>
99-->[androidx.profileinstaller:profileinstaller:1.4.1] AndroidManifest.xml:49:13-51:29
100                <action android:name="androidx.profileinstaller.action.BENCHMARK_OPERATION" />
100-->[androidx.profileinstaller:profileinstaller:1.4.1] AndroidManifest.xml:50:17-95
100-->[androidx.profileinstaller:profileinstaller:1.4.1] AndroidManifest.xml:50:25-92
101            </intent-filter>
102        </receiver>
103
104        <activity
104-->[androidx.test:core:1.6.1] AndroidManifest.xml:27:9-34:20
105            android:name="androidx.test.core.app.InstrumentationActivityInvoker$BootstrapActivity"
105-->[androidx.test:core:1.6.1] AndroidManifest.xml:28:13-99
106            android:exported="true"
106-->[androidx.test:core:1.6.1] AndroidManifest.xml:29:13-36
107            android:theme="@style/WhiteBackgroundTheme" >
107-->[androidx.test:core:1.6.1] AndroidManifest.xml:30:13-56
108            <intent-filter android:priority="-100" >
108-->[androidx.test:core:1.6.1] AndroidManifest.xml:31:13-33:29
108-->[androidx.test:core:1.6.1] AndroidManifest.xml:31:28-51
109                <category android:name="android.intent.category.LAUNCHER" />
109-->[androidx.test:core:1.6.1] AndroidManifest.xml:32:17-77
109-->[androidx.test:core:1.6.1] AndroidManifest.xml:32:27-74
110            </intent-filter>
111        </activity>
112        <activity
112-->[androidx.test:core:1.6.1] AndroidManifest.xml:35:9-42:20
113            android:name="androidx.test.core.app.InstrumentationActivityInvoker$EmptyActivity"
113-->[androidx.test:core:1.6.1] AndroidManifest.xml:36:13-95
114            android:exported="true"
114-->[androidx.test:core:1.6.1] AndroidManifest.xml:37:13-36
115            android:theme="@style/WhiteBackgroundTheme" >
115-->[androidx.test:core:1.6.1] AndroidManifest.xml:38:13-56
116            <intent-filter android:priority="-100" >
116-->[androidx.test:core:1.6.1] AndroidManifest.xml:31:13-33:29
116-->[androidx.test:core:1.6.1] AndroidManifest.xml:31:28-51
117                <category android:name="android.intent.category.LAUNCHER" />
117-->[androidx.test:core:1.6.1] AndroidManifest.xml:32:17-77
117-->[androidx.test:core:1.6.1] AndroidManifest.xml:32:27-74
118            </intent-filter>
119        </activity>
120        <activity
120-->[androidx.test:core:1.6.1] AndroidManifest.xml:43:9-50:20
121            android:name="androidx.test.core.app.InstrumentationActivityInvoker$EmptyFloatingActivity"
121-->[androidx.test:core:1.6.1] AndroidManifest.xml:44:13-103
122            android:exported="true"
122-->[androidx.test:core:1.6.1] AndroidManifest.xml:45:13-36
123            android:theme="@style/WhiteBackgroundDialogTheme" >
123-->[androidx.test:core:1.6.1] AndroidManifest.xml:46:13-62
124            <intent-filter android:priority="-100" >
124-->[androidx.test:core:1.6.1] AndroidManifest.xml:31:13-33:29
124-->[androidx.test:core:1.6.1] AndroidManifest.xml:31:28-51
125                <category android:name="android.intent.category.LAUNCHER" />
125-->[androidx.test:core:1.6.1] AndroidManifest.xml:32:17-77
125-->[androidx.test:core:1.6.1] AndroidManifest.xml:32:27-74
126            </intent-filter>
127        </activity>
128
129        <receiver
129-->[androidx.tracing:tracing-perfetto:1.0.0] AndroidManifest.xml:24:9-37:20
130            android:name="androidx.tracing.perfetto.TracingReceiver"
130-->[androidx.tracing:tracing-perfetto:1.0.0] AndroidManifest.xml:25:13-69
131            android:directBootAware="false"
131-->[androidx.tracing:tracing-perfetto:1.0.0] AndroidManifest.xml:26:13-44
132            android:enabled="true"
132-->[androidx.tracing:tracing-perfetto:1.0.0] AndroidManifest.xml:27:13-35
133            android:exported="true"
133-->[androidx.tracing:tracing-perfetto:1.0.0] AndroidManifest.xml:28:13-36
134            android:permission="android.permission.DUMP" >
134-->[androidx.tracing:tracing-perfetto:1.0.0] AndroidManifest.xml:29:13-57
135
136            <!-- Note: DUMP above highly limits who can call the receiver; Shell has DUMP perm. -->
137            <intent-filter>
137-->[androidx.tracing:tracing-perfetto:1.0.0] AndroidManifest.xml:32:13-36:29
138                <action android:name="androidx.tracing.perfetto.action.ENABLE_TRACING" />
138-->[androidx.tracing:tracing-perfetto:1.0.0] AndroidManifest.xml:33:17-90
138-->[androidx.tracing:tracing-perfetto:1.0.0] AndroidManifest.xml:33:25-87
139                <action android:name="androidx.tracing.perfetto.action.ENABLE_TRACING_COLD_START" />
139-->[androidx.tracing:tracing-perfetto:1.0.0] AndroidManifest.xml:34:17-101
139-->[androidx.tracing:tracing-perfetto:1.0.0] AndroidManifest.xml:34:25-98
140                <action android:name="androidx.tracing.perfetto.action.DISABLE_TRACING_COLD_START" />
140-->[androidx.tracing:tracing-perfetto:1.0.0] AndroidManifest.xml:35:17-102
140-->[androidx.tracing:tracing-perfetto:1.0.0] AndroidManifest.xml:35:25-99
141            </intent-filter>
142        </receiver>
143        <receiver
143-->[androidx.tracing:tracing-perfetto:1.0.0] AndroidManifest.xml:49:9-55:20
144            android:name="androidx.tracing.perfetto.StartupTracingConfigStoreIsEnabledGate"
144-->[androidx.tracing:tracing-perfetto:1.0.0] AndroidManifest.xml:50:13-92
145            android:directBootAware="false"
145-->[androidx.tracing:tracing-perfetto:1.0.0] AndroidManifest.xml:51:13-44
146            android:enabled="false"
146-->[androidx.tracing:tracing-perfetto:1.0.0] AndroidManifest.xml:52:13-36
147            android:exported="false" >
147-->[androidx.tracing:tracing-perfetto:1.0.0] AndroidManifest.xml:53:13-37
148        </receiver>
149    </application>
150
151</manifest>